<?xml version="1.0" encoding="UTF-8"?>
<testsuite xmlns:xsi="http://www.w3.org/2001/XMLSchema-instance" xsi:noNamespaceSchemaLocation="https://maven.apache.org/surefire/maven-surefire-plugin/xsd/surefire-test-report-3.0.xsd" version="3.0" name="com.speedment.example.typemapper.IntegerZeroOneToYesNoTypeMapperTest" time="0.029" tests="5" errors="0" skipped="0" failures="0">
  <properties>
[...]
</properties>
  <testcase name="testGetOrdering" classname="com.speedment.example.typemapper.IntegerZeroOneToYesNoTypeMapperTest" time="0.018"/>
  <testcase name="testGetLabel" classname="com.speedment.example.typemapper.IntegerZeroOneToYesNoTypeMapperTest" time="0.002"/>
  <testcase name="testToJavaType" classname="com.speedment.example.typemapper.IntegerZeroOneToYesNoTypeMapperTest" time="0.001"/>
  <testcase name="testGetJavaType" classname="com.speedment.example.typemapper.IntegerZeroOneToYesNoTypeMapperTest" time="0.002"/>
  <testcase name="testToDatabaseType" classname="com.speedment.example.typemapper.IntegerZeroOneToYesNoTypeMapperTest" time="0.001"/>
</testsuite>